# JRE version: Java(TM) SE Runtime Environment (8.0_91-b14) (build 1.8.0_91-b14)
# Java VM: Java HotSpot(TM) 64-Bit Server VM (25.91-b14 mixed mode windows-amd64 compressed oops)
Heap:
 PSYoungGen      total 347648K, used 87104K [0x00000000e0000000, 0x00000000f7500000, 0x0000000100000000)
  eden space 313344K, 19% used [0x00000000e0000000,0x00000000e3ac0e40,0x00000000f3200000)
  from space 34304K, 78% used [0x00000000f3200000,0x00000000f4c4f1e8,0x00000000f5380000)
  to   space 32256K, 0% used [0x00000000f5480000,0x00000000f5480000,0x00000000f7400000)
 ParOldGen       total 246784K, used 44600K [0x00000000a0000000, 0x00000000af100000, 0x00000000e0000000)
  object space 246784K, 18% used [0x00000000a0000000,0x00000000a2b8e0e0,0x00000000af100000)
 Metaspace       used 78922K, capacity 82136K, committed 82304K, reserved 1120256K
  class space    used 10413K, capacity 11069K, committed 11136K, reserved 1048576K
GC Heap History (10 events):
Event: 14.790 GC heap before
{Heap before GC invocations=12 (full 3):
 PSYoungGen      total 230400K, used 209408K [0x00000000e0000000, 0x00000000eff00000, 0x0000000100000000)
  eden space 209408K, 100% used [0x00000000e0000000,0x00000000ecc80000,0x00000000ecc80000)
  from space 20992K, 0% used [0x00000000ee480000,0x00000000ee480000,0x00000000ef900000)
  to   space 24576K, 0% used [0x00000000ecc80000,0x00000000ecc80000,0x00000000ee480000)
 ParOldGen       total 246784K, used 35624K [0x00000000a0000000, 0x00000000af100000, 0x00000000e0000000)
  object space 246784K, 14% used [0x00000000a0000000,0x00000000a22ca370,0x00000000af100000)
 Metaspace       used 67482K, capacity 69666K, committed 69888K, reserved 1110016K
  class space    used 9156K, capacity 9616K, committed 9728K, reserved 1048576K
Event: 14.808 GC heap after
Heap after GC invocations=12 (full 3):
 PSYoungGen      total 233984K, used 17267K [0x00000000e0000000, 0x00000000f2600000, 0x0000000100000000)
  eden space 209408K, 0% used [0x00000000e0000000,0x00000000e0000000,0x00000000ecc80000)
  from space 24576K, 70% used [0x00000000ecc80000,0x00000000edd5cdb0,0x00000000ee480000)
  to   space 25088K, 0% used [0x00000000f0d80000,0x00000000f0d80000,0x00000000f2600000)
 ParOldGen       total 246784K, used 35640K [0x00000000a0000000, 0x00000000af100000, 0x00000000e0000000)
  object space 246784K, 14% used [0x00000000a0000000,0x00000000a22ce370,0x00000000af100000)
 Metaspace       used 67482K, capacity 69666K, committed 69888K, reserved 1110016K
  class space    used 9156K, capacity 9616K, committed 9728K, reserved 1048576K
}
Event: 16.420 GC heap before
{Heap before GC invocations=13 (full 3):
 PSYoungGen      total 233984K, used 226637K [0x00000000e0000000, 0x00000000f2600000, 0x0000000100000000)
  eden space 209408K, 99% used [0x00000000e0000000,0x00000000ecc769a8,0x00000000ecc80000)
  from space 24576K, 70% used [0x00000000ecc80000,0x00000000edd5cdb0,0x00000000ee480000)
  to   space 25088K, 0% used [0x00000000f0d80000,0x00000000f0d80000,0x00000000f2600000)
 ParOldGen       total 246784K, used 35640K [0x00000000a0000000, 0x00000000af100000, 0x00000000e0000000)
  object space 246784K, 14% used [0x00000000a0000000,0x00000000a22ce370,0x00000000af100000)
 Metaspace       used 72970K, capacity 75622K, committed 75648K, reserved 1114112K
  class space    used 9812K, capacity 10352K, committed 10368K, reserved 1048576K
Event: 16.448 GC heap after
Heap after GC invocations=13 (full 3):
 PSYoungGen      total 275456K, used 18470K [0x00000000e0000000, 0x00000000f2c80000, 0x0000000100000000)
  eden space 250368K, 0% used [0x00000000e0000000,0x00000000e0000000,0x00000000ef480000)
  from space 25088K, 73% used [0x00000000f0d80000,0x00000000f1f89938,0x00000000f2600000)
  to   space 25600K, 0% used [0x00000000ef480000,0x00000000ef480000,0x00000000f0d80000)
 ParOldGen       total 246784K, used 35648K [0x00000000a0000000, 0x00000000af100000, 0x00000000e0000000)
  object space 246784K, 14% used [0x00000000a0000000,0x00000000a22d0370,0x00000000af100000)
 Metaspace       used 72970K, capacity 75622K, committed 75648K, reserved 1114112K
  class space    used 9812K, capacity 10352K, committed 10368K, reserved 1048576K
}
Event: 18.594 GC heap before
{Heap before GC invocations=14 (full 3):
 PSYoungGen      total 275456K, used 268838K [0x00000000e0000000, 0x00000000f2c80000, 0x0000000100000000)
  eden space 250368K, 100% used [0x00000000e0000000,0x00000000ef480000,0x00000000ef480000)
  from space 25088K, 73% used [0x00000000f0d80000,0x00000000f1f89938,0x00000000f2600000)
  to   space 25600K, 0% used [0x00000000ef480000,0x00000000ef480000,0x00000000f0d80000)
 ParOldGen       total 246784K, used 35648K [0x00000000a0000000, 0x00000000af100000, 0x00000000e0000000)
  object space 246784K, 14% used [0x00000000a0000000,0x00000000a22d0370,0x00000000af100000)
 Metaspace       used 74109K, capacity 76818K, committed 77056K, reserved 1116160K
  class space    used 9927K, capacity 10472K, committed 10496K, reserved 1048576K
Event: 18.647 GC heap after
Heap after GC invocations=14 (full 3):
 PSYoungGen      total 275968K, used 25570K [0x00000000e0000000, 0x00000000f7400000, 0x0000000100000000)
  eden space 250368K, 0% used [0x00000000e0000000,0x00000000e0000000,0x00000000ef480000)
  from space 25600K, 99% used [0x00000000ef480000,0x00000000f0d789d0,0x00000000f0d80000)
  to   space 32256K, 0% used [0x00000000f5480000,0x00000000f5480000,0x00000000f7400000)
 ParOldGen       total 246784K, used 44592K [0x00000000a0000000, 0x00000000af100000, 0x00000000e0000000)
  object space 246784K, 18% used [0x00000000a0000000,0x00000000a2b8c0e0,0x00000000af100000)
 Metaspace       used 74109K, capacity 76818K, committed 77056K, reserved 1116160K
  class space    used 9927K, capacity 10472K, committed 10496K, reserved 1048576K
}
Event: 20.711 GC heap before
{Heap before GC invocations=15 (full 3):
 PSYoungGen      total 275968K, used 274983K [0x00000000e0000000, 0x00000000f7400000, 0x0000000100000000)
  eden space 250368K, 99% used [0x00000000e0000000,0x00000000ef3913a0,0x00000000ef480000)
  from space 25600K, 99% used [0x00000000ef480000,0x00000000f0d789d0,0x00000000f0d80000)
  to   space 32256K, 0% used [0x00000000f5480000,0x00000000f5480000,0x00000000f7400000)
 ParOldGen       total 246784K, used 44592K [0x00000000a0000000, 0x00000000af100000, 0x00000000e0000000)
  object space 246784K, 18% used [0x00000000a0000000,0x00000000a2b8c0e0,0x00000000af100000)
 Metaspace       used 75096K, capacity 77814K, committed 77952K, reserved 1116160K
  class space    used 10044K, capacity 10598K, committed 10624K, reserved 1048576K
Event: 20.732 GC heap after
Heap after GC invocations=15 (full 3):
 PSYoungGen      total 345600K, used 25734K [0x00000000e0000000, 0x00000000f7500000, 0x0000000100000000)
  eden space 313344K, 0% used [0x00000000e0000000,0x00000000e0000000,0x00000000f3200000)
  from space 32256K, 79% used [0x00000000f5480000,0x00000000f6da1878,0x00000000f7400000)
  to   space 34304K, 0% used [0x00000000f3200000,0x00000000f3200000,0x00000000f5380000)
 ParOldGen       total 246784K, used 44600K [0x00000000a0000000, 0x00000000af100000, 0x00000000e0000000)
  object space 246784K, 18% used [0x00000000a0000000,0x00000000a2b8e0e0,0x00000000af100000)
 Metaspace       used 75096K, capacity 77814K, committed 77952K, reserved 1116160K
  class space    used 10044K, capacity 10598K, committed 10624K, reserved 1048576K
}
Event: 36.601 GC heap before
{Heap before GC invocations=16 (full 3):
 PSYoungGen      total 345600K, used 339078K [0x00000000e0000000, 0x00000000f7500000, 0x0000000100000000)
  eden space 313344K, 100% used [0x00000000e0000000,0x00000000f3200000,0x00000000f3200000)
  from space 32256K, 79% used [0x00000000f5480000,0x00000000f6da1878,0x00000000f7400000)
  to   space 34304K, 0% used [0x00000000f3200000,0x00000000f3200000,0x00000000f5380000)
 ParOldGen       total 246784K, used 44600K [0x00000000a0000000, 0x00000000af100000, 0x00000000e0000000)
  object space 246784K, 18% used [0x00000000a0000000,0x00000000a2b8e0e0,0x00000000af100000)
 Metaspace       used 78544K, capacity 81560K, committed 81664K, reserved 1120256K
  class space    used 10391K, capacity 10999K, committed 11008K, reserved 1048576K
Event: 36.623 GC heap after
Heap after GC invocations=16 (full 3):
 PSYoungGen      total 347648K, used 26940K [0x00000000e0000000, 0x00000000f7500000, 0x0000000100000000)
  eden space 313344K, 0% used [0x00000000e0000000,0x00000000e0000000,0x00000000f3200000)
  from space 34304K, 78% used [0x00000000f3200000,0x00000000f4c4f1e8,0x00000000f5380000)
  to   space 32256K, 0% used [0x00000000f5480000,0x00000000f5480000,0x00000000f7400000)
 ParOldGen       total 246784K, used 44600K [0x00000000a0000000, 0x00000000af100000, 0x00000000e0000000)
  object space 246784K, 18% used [0x00000000a0000000,0x00000000a2b8e0e0,0x00000000af100000)
 Metaspace       used 78544K, capacity 81560K, committed 81664K, reserved 1120256K
  class space    used 10391K, capacity 10999K, committed 11008K, reserved 1048576K
}

